#
# A fatal error has been detected by the Java Runtime Environment:
#
#  EXCEPTION_ACCESS_VIOLATION (0xc0000005) at pc=0x0000000015fa1066, pid=34480, tid=30052
#
# JRE version: 7.0_25-b17
# Java VM: Java HotSpot(TM) 64-Bit Server VM (23.25-b01 mixed mode windows-amd64 compressed oops)
# Problematic frame:
# C  [OpenAL64.dll+0x11066]  alProcessUpdatesSOFT+0x15a2
#
# Failed to write core dump. Minidumps are not enabled by default on client versions of Windows
#
# If you would like to submit a bug report, please visit:
#   http://bugreport.sun.com/bugreport/crash.jsp
# The crash happened outside the Java Virtual Machine in native code.
# See problematic frame for where to report the bug.
#

---------------  T H R E A D  ---------------

Current thread (0x000000000280e800):  JavaThread "main" [_thread_in_native, id=30052, stack(0x0000000002810000,0x0000000002910000)]

siginfo: ExceptionCode=0xc0000005, reading address 0x0000000014b50004

Registers:
RAX=0x000000005afd9164, RBX=0x00000000162a0090, RCX=0x0000000014b50008, RDX=0x0000000014b50004
RSP=0x000000000290f0d0, RBP=0x00000000000000ff, RSI=0x0000000014b4aadc, RDI=0x0000000000000000
R8 =0x000000000000154a, R9 =0x0000000014b4aadc, R10=0x0000000002a28c35, R11=0x000000006ed59860
R12=0x0000000000000001, R13=0x00000006fd0ad760, R14=0x000000000290f270, R15=0x000000000280e800
RIP=0x0000000015fa1066, EFLAGS=0x0000000000010202

Top of Stack: (sp=0x000000000290f0d0)
0x000000000290f0d0:   0000000000000005 0000000000000000
0x000000000290f0e0:   0000000002900000 0000000000000000
0x000000000290f0f0:   0000000000000000 000000006ec53000
0x000000000290f100:   0000000000000000 0000000000000000
0x000000000290f110:   000000000280e800 000000000290f270
0x000000000290f120:   00000006fd0ad760 0000000000000000
0x000000000290f130:   000000000280e800 00000006fcc45a88
0x000000000290f140:   000000000280e800 000000000290f270
0x000000000290f150:   00000006fd0ad760 0000000000000000
0x000000000290f160:   0000000014b4aadc 00000006fcc45a88
0x000000000290f170:   000000000290f238 0000000015fa248f
0x000000000290f180:   00000000162a0090 00000000162a0090
0x000000000290f190:   000000060000ac44 000000005afd9164
0x000000000290f1a0:   0000000002a163b5 0000000002a28c61
0x000000000290f1b0:   00000006fd0ad760 00000000fffffffe
0x000000000290f1c0:   00000006fd0b0f9d 000000000290f208 

Instructions: (pc=0x0000000015fa1066)
0x0000000015fa1046:   41 2b ec 81 3a 03 00 02 00 75 09 8b 01 89 84 24
0x0000000015fa1056:   c8 00 00 00 49 83 c0 02 48 83 c1 08 4a 8d 14 86
0x0000000015fa1066:   39 3a 75 af 4c 8d 84 24 c0 00 00 00 48 8d 15 d7
0x0000000015fa1076:   2b 03 00 33 c9 e8 58 5f 00 00 b8 40 1f 00 00 4c 


Register to memory mapping:

RAX=0x000000005afd9164 is an unknown value
RBX=0x00000000162a0090 is an unknown value
RCX=0x0000000014b50008 is an unknown value
RDX=0x0000000014b50004 is an unknown value
RSP=0x000000000290f0d0 is pointing into the stack for thread: 0x000000000280e800
RBP=0x00000000000000ff is an unknown value
RSI=0x0000000014b4aadc is an unknown value
RDI=0x0000000000000000 is an unknown value
R8 =0x000000000000154a is an unknown value
R9 =0x0000000014b4aadc is an unknown value
R10=0x0000000002a28c35 is an Interpreter codelet
method entry point (kind = native)  [0x0000000002a28740, 0x0000000002a29600]  3776 bytes
R11=0x000000006ed59860 is an unknown value
R12=0x0000000000000001 is an unknown value
R13=0x00000006fd0ad760 is an oop
{method} 
 - klass: {other class}
R14=0x000000000290f270 is pointing into the stack for thread: 0x000000000280e800
R15=0x000000000280e800 is a thread


Stack: [0x0000000002810000,0x0000000002910000],  sp=0x000000000290f0d0,  free space=1020k
Native frames: (J=compiled Java code, j=interpreted, Vv=VM code, C=native code)
C  [OpenAL64.dll+0x11066]  alProcessUpdatesSOFT+0x15a2

Java frames: (J=compiled Java code, j=interpreted, Vv=VM code)
j  org.lwjgl.openal.ALC10.nalcCreateContext(JJ)J+0
j  org.lwjgl.openal.ALC10.alcCreateContext(Lorg/lwjgl/openal/ALCdevice;Ljava/nio/IntBuffer;)Lorg/lwjgl/openal/ALCcontext;+8
j  org.lwjgl.openal.AL.init(Ljava/lang/String;IIZZ)V+69
j  org.lwjgl.openal.AL.create(Ljava/lang/String;IIZZ)V+227
j  org.lwjgl.openal.AL.create(Ljava/lang/String;IIZ)V+5
j  org.lwjgl.openal.AL.create()V+6
j  com.badlogic.gdx.backends.openal.OpenALAudio.<init>(III)V+116
j  com.badlogic.gdx.backends.lwjgl.LwjglApplication.<init>(Lcom/badlogic/gdx/ApplicationListener;Lcom/badlogic/gdx/backends/lwjgl/LwjglApplicationConfiguration;Lcom/badlogic/gdx/backends/lwjgl/LwjglGraphics;)V+105
j  com.badlogic.gdx.backends.lwjgl.LwjglApplication.<init>(Lcom/badlogic/gdx/ApplicationListener;Lcom/badlogic/gdx/backends/lwjgl/LwjglApplicationConfiguration;)V+11
j  com.aguggenberger.spacebound.Main.main([Ljava/lang/String;)V+108
v  ~StubRoutines::call_stub

---------------  P R O C E S S  ---------------

Java Threads: ( => current thread )
  0x0000000013e03800 JavaThread "Java2D Disposer" daemon [_thread_blocked, id=18632, stack(0x0000000014520000,0x0000000014620000)]
  0x0000000011455000 JavaThread "Service Thread" daemon [_thread_blocked, id=30980, stack(0x0000000013b20000,0x0000000013c20000)]
  0x0000000011454800 JavaThread "C2 CompilerThread1" daemon [_thread_blocked, id=34048, stack(0x0000000013a20000,0x0000000013b20000)]
  0x0000000011453000 JavaThread "C2 CompilerThread0" daemon [_thread_blocked, id=30068, stack(0x0000000013920000,0x0000000013a20000)]
  0x0000000011443000 JavaThread "JDWP Command Reader" daemon [_thread_in_native, id=35436, stack(0x0000000013820000,0x0000000013920000)]
  0x0000000011442000 JavaThread "JDWP Event Helper Thread" daemon [_thread_blocked, id=32072, stack(0x0000000013720000,0x0000000013820000)]
  0x0000000011428800 JavaThread "JDWP Transport Listener: dt_socket" daemon [_thread_blocked, id=33856, stack(0x0000000013620000,0x0000000013720000)]
  0x0000000011422000 JavaThread "Attach Listener" daemon [_thread_blocked, id=36740, stack(0x0000000013520000,0x0000000013620000)]
  0x000000001141d000 JavaThread "Signal Dispatcher" daemon [_thread_blocked, id=15884, stack(0x0000000013420000,0x0000000013520000)]
  0x00000000113c1000 JavaThread "Finalizer" daemon [_thread_blocked, id=31484, stack(0x0000000013320000,0x0000000013420000)]
  0x00000000113ba000 JavaThread "Reference Handler" daemon [_thread_blocked, id=28184, stack(0x0000000013220000,0x0000000013320000)]
=>0x000000000280e800 JavaThread "main" [_thread_in_native, id=30052, stack(0x0000000002810000,0x0000000002910000)]

Other Threads:
  0x00000000113b1000 VMThread [stack: 0x0000000013120000,0x0000000013220000] [id=30724]
  0x0000000013c38800 WatcherThread [stack: 0x0000000014020000,0x0000000014120000] [id=27608]

VM state:not at safepoint (normal execution)

VM Mutex/Monitor currently owned by a thread: None

Heap
 PSYoungGen      total 75968K, used 36741K [0x00000007ab400000, 0x00000007b08c0000, 0x0000000800000000)
  eden space 65152K, 56% used [0x00000007ab400000,0x00000007ad7e14f0,0x00000007af3a0000)
  from space 10816K, 0% used [0x00000007afe30000,0x00000007afe30000,0x00000007b08c0000)
  to   space 10816K, 0% used [0x00000007af3a0000,0x00000007af3a0000,0x00000007afe30000)
 ParOldGen       total 173568K, used 0K [0x0000000701c00000, 0x000000070c580000, 0x00000007ab400000)
  object space 173568K, 0% used [0x0000000701c00000,0x0000000701c00000,0x000000070c580000)
 PSPermGen       total 21248K, used 6901K [0x00000006fca00000, 0x00000006fdec0000, 0x0000000701c00000)
  object space 21248K, 32% used [0x00000006fca00000,0x00000006fd0bd7e8,0x00000006fdec0000)

Card table byte_map: [0x0000000005ad0000,0x00000000062f0000] byte_map_base: 0x00000000022eb000

Polling page: 0x0000000000d70000

Code Cache  [0x0000000002a10000, 0x0000000002c80000, 0x0000000005a10000)
 total_blobs=392 nmethods=64 adapters=288 free_code_cache=48412Kb largest_free_block=49546368

Compilation events (10 events):
Event: 0.615 Thread 0x0000000011453000   58             com.sun.imageio.plugins.png.PNGImageWriter::encodePass (1063 bytes)
Event: 0.701 Thread 0x0000000011453000 nmethod 58 0x0000000002ac4550 code [0x0000000002ac48a0, 0x0000000002acb540]
Event: 0.707 Thread 0x0000000011454800   59             sun.net.www.ParseUtil::encodePath (336 bytes)
Event: 0.721 Thread 0x0000000011454800 nmethod 59 0x0000000002ab3e90 code [0x0000000002ab40e0, 0x0000000002ab5418]
Event: 0.730 Thread 0x0000000011453000   60             java.lang.String::length (6 bytes)
Event: 0.731 Thread 0x0000000011453000 nmethod 60 0x0000000002aaa250 code [0x0000000002aaa380, 0x0000000002aaa418]
Event: 0.739 Thread 0x0000000011454800   61             java.lang.String::equals (81 bytes)
Event: 0.742 Thread 0x0000000011454800 nmethod 61 0x0000000002aafc50 code [0x0000000002aafda0, 0x0000000002ab00b8]
Event: 0.743 Thread 0x0000000011453000   62             java.lang.AbstractStringBuilder::ensureCapacityInternal (16 bytes)
Event: 0.746 Thread 0x0000000011453000 nmethod 62 0x0000000002ab1f90 code [0x0000000002ab20e0, 0x0000000002ab2378]

GC Heap History (0 events):
No events

Deoptimization events (3 events):
Event: 0.209 Thread 0x000000000280e800 Uncommon trap -83 fr.pc 0x0000000002a87020
Event: 0.215 Thread 0x000000000280e800 Uncommon trap -83 fr.pc 0x0000000002a8a550
Event: 0.219 Thread 0x000000000280e800 Uncommon trap -83 fr.pc 0x0000000002a89b04

Internal exceptions (10 events):
Event: 0.746 Thread 0x000000000280e800 Threw 0x00000007ad6d48b8 at C:\jdk7u2_64p\jdk7u25\hotspot\src\share\vm\prims\jvm.cpp:1235
Event: 0.747 Thread 0x000000000280e800 Threw 0x00000007ad6db940 at C:\jdk7u2_64p\jdk7u25\hotspot\src\share\vm\prims\jvm.cpp:1235
Event: 0.748 Thread 0x000000000280e800 Threw 0x00000007ad6e68e0 at C:\jdk7u2_64p\jdk7u25\hotspot\src\share\vm\prims\jvm.cpp:1235
Event: 0.748 Thread 0x000000000280e800 Threw 0x00000007ad6e9f60 at C:\jdk7u2_64p\jdk7u25\hotspot\src\share\vm\prims\jvm.cpp:1235
Event: 0.749 Thread 0x000000000280e800 Threw 0x00000007ad6f0d58 at C:\jdk7u2_64p\jdk7u25\hotspot\src\share\vm\prims\jvm.cpp:1235
Event: 0.749 Thread 0x000000000280e800 Threw 0x00000007ad6f4038 at C:\jdk7u2_64p\jdk7u25\hotspot\src\share\vm\prims\jvm.cpp:1235
Event: 0.755 Thread 0x000000000280e800 Threw 0x00000007ad6f8910 at C:\jdk7u2_64p\jdk7u25\hotspot\src\share\vm\prims\jvm.cpp:1235
Event: 0.756 Thread 0x000000000280e800 Threw 0x00000007ad6fcbe0 at C:\jdk7u2_64p\jdk7u25\hotspot\src\share\vm\prims\jvm.cpp:1235
Event: 0.756 Thread 0x000000000280e800 Threw 0x00000007ad700a50 at C:\jdk7u2_64p\jdk7u25\hotspot\src\share\vm\prims\jvm.cpp:1235
Event: 0.757 Thread 0x000000000280e800 Threw 0x00000007ad704958 at C:\jdk7u2_64p\jdk7u25\hotspot\src\share\vm\prims\jvm.cpp:1235

Events (10 events):
Event: 0.755 loading class 0x0000000013f05120
Event: 0.755 loading class 0x0000000013f05120 done
Event: 0.756 loading class 0x0000000013f01f40
Event: 0.756 loading class 0x0000000013f01f40 done
Event: 0.756 loading class 0x0000000011432d20
Event: 0.756 loading class 0x0000000011432d20 done
Event: 0.756 loading class 0x0000000013f05390
Event: 0.756 loading class 0x0000000013f05390 done
Event: 0.757 loading class 0x000000001481b190
Event: 0.757 loading class 0x000000001481b190 done


Dynamic libraries:
0x00007ff717220000 - 0x00007ff717253000 	C:\Program Files\Java\jre7\bin\javaw.exe
0x00007ff9d7470000 - 0x00007ff9d7619000 	C:\WINDOWS\SYSTEM32\ntdll.dll
0x00007ff9d4d60000 - 0x00007ff9d4e99000 	C:\WINDOWS\system32\KERNEL32.DLL
0x00007ff9d4960000 - 0x00007ff9d4a6f000 	C:\WINDOWS\system32\KERNELBASE.dll
0x00007ff9d3310000 - 0x00007ff9d339b000 	C:\WINDOWS\system32\apphelp.dll
0x00007ff9c9de0000 - 0x00007ff9c9e2f000 	C:\WINDOWS\AppPatch\AppPatch64\AcGenral.DLL
0x00007ff9d7160000 - 0x00007ff9d7207000 	C:\WINDOWS\system32\msvcrt.dll
0x00007ff9d4660000 - 0x00007ff9d468b000 	C:\WINDOWS\SYSTEM32\SspiCli.dll
0x00007ff9d67d0000 - 0x00007ff9d6821000 	C:\WINDOWS\system32\SHLWAPI.dll
0x00007ff9d6cc0000 - 0x00007ff9d6e31000 	C:\WINDOWS\system32\USER32.dll
0x00007ff9d6e40000 - 0x00007ff9d6fb6000 	C:\WINDOWS\system32\ole32.dll
0x00007ff9d52e0000 - 0x00007ff9d66ef000 	C:\WINDOWS\system32\SHELL32.dll
0x00007ff9d3e60000 - 0x00007ff9d3e7f000 	C:\WINDOWS\SYSTEM32\USERENV.dll
0x00007ff9d4ff0000 - 0x00007ff9d5095000 	C:\WINDOWS\system32\ADVAPI32.dll
0x00007ff9c9a50000 - 0x00007ff9c9a6b000 	C:\WINDOWS\SYSTEM32\MPR.dll
0x00007ff9d6830000 - 0x00007ff9d6966000 	C:\WINDOWS\system32\RPCRT4.dll
0x00007ff9d6b50000 - 0x00007ff9d6ba7000 	C:\WINDOWS\SYSTEM32\sechost.dll
0x00007ff9d6970000 - 0x00007ff9d6b47000 	C:\WINDOWS\SYSTEM32\combase.dll
0x00007ff9d4ea0000 - 0x00007ff9d4fe5000 	C:\WINDOWS\system32\GDI32.dll
0x00007ff9d47f0000 - 0x00007ff9d4804000 	C:\WINDOWS\SYSTEM32\profapi.dll
0x00007ff9d33a0000 - 0x00007ff9d3441000 	C:\WINDOWS\SYSTEM32\SHCORE.dll
0x00007ff9d66f0000 - 0x00007ff9d6724000 	C:\WINDOWS\system32\IMM32.DLL
0x00007ff9d7240000 - 0x00007ff9d7378000 	C:\WINDOWS\system32\MSCTF.dll
0x00007ff9d47a0000 - 0x00007ff9d47d4000 	C:\WINDOWS\system32\nvinitx.dll
0x00007ff9d2570000 - 0x00007ff9d27ca000 	C:\WINDOWS\WinSxS\amd64_microsoft.windows.common-controls_6595b64144ccf1df_6.0.9600.16384_none_62475f7becb72503\COMCTL32.dll
0x0000000071670000 - 0x0000000071741000 	C:\Program Files\Java\jre7\bin\msvcr100.dll
0x000000006eba0000 - 0x000000006f2af000 	C:\Program Files\Java\jre7\bin\server\jvm.dll
0x00007ff9c28e0000 - 0x00007ff9c28e9000 	C:\WINDOWS\SYSTEM32\WSOCK32.dll
0x00007ff9d27d0000 - 0x00007ff9d27ef000 	C:\WINDOWS\SYSTEM32\WINMM.dll
0x00007ff9d7380000 - 0x00007ff9d7387000 	C:\WINDOWS\system32\PSAPI.DLL
0x00007ff9d4d00000 - 0x00007ff9d4d58000 	C:\WINDOWS\system32\WS2_32.dll
0x00007ff9d2530000 - 0x00007ff9d255a000 	C:\WINDOWS\SYSTEM32\WINMMBASE.dll
0x00007ff9d7460000 - 0x00007ff9d7469000 	C:\WINDOWS\system32\NSI.dll
0x00007ff9d4910000 - 0x00007ff9d495a000 	C:\WINDOWS\SYSTEM32\cfgmgr32.dll
0x00007ff9d3630000 - 0x00007ff9d3656000 	C:\WINDOWS\SYSTEM32\DEVOBJ.dll
0x0000000071660000 - 0x000000007166f000 	C:\Program Files\Java\jre7\bin\verify.dll
0x0000000071630000 - 0x0000000071658000 	C:\Program Files\Java\jre7\bin\java.dll
0x000000006eb30000 - 0x000000006eb65000 	C:\Program Files\Java\jre7\bin\jdwp.dll
0x00000000715c0000 - 0x00000000715c8000 	C:\Program Files\Java\jre7\bin\npt.dll
0x0000000071610000 - 0x0000000071625000 	C:\Program Files\Java\jre7\bin\zip.dll
0x000000006eb20000 - 0x000000006eb29000 	C:\Program Files\Java\jre7\bin\dt_socket.dll
0x00007ff9caae0000 - 0x00007ff9caaf4000 	C:\WINDOWS\system32\napinsp.dll
0x00007ff9cab00000 - 0x00007ff9cab19000 	C:\WINDOWS\system32\pnrpnsp.dll
0x00007ff9cfa10000 - 0x00007ff9cfa29000 	C:\WINDOWS\system32\NLAapi.dll
0x00007ff9d40e0000 - 0x00007ff9d4138000 	C:\WINDOWS\System32\mswsock.dll
0x00007ff9d3ec0000 - 0x00007ff9d3f63000 	C:\WINDOWS\SYSTEM32\DNSAPI.dll
0x00007ff9cab20000 - 0x00007ff9cab2c000 	C:\WINDOWS\System32\winrnr.dll
0x00007ff9cdda0000 - 0x00007ff9cde07000 	C:\WINDOWS\System32\fwpuclnt.dll
0x00007ff9cb7d0000 - 0x00007ff9cb7d9000 	C:\Windows\System32\rasadhlp.dll
0x000000006e980000 - 0x000000006eb15000 	C:\Program Files\Java\jre7\bin\awt.dll
0x00007ff9d73a0000 - 0x00007ff9d7457000 	C:\WINDOWS\system32\OLEAUT32.dll
0x00007ff9d27f0000 - 0x00007ff9d2811000 	C:\WINDOWS\system32\DWMAPI.DLL
0x00007ff9d34b0000 - 0x00007ff9d35d2000 	C:\WINDOWS\system32\uxtheme.dll
0x0000000065580000 - 0x000000006560f000 	C:\Users\Owner\AppData\Local\Temp\libgdxOwner\1669417459\gdx64.dll
0x0000000180000000 - 0x0000000180050000 	C:\Users\Owner\AppData\Local\Temp\libgdxOwner\1284024257\lwjgl64.dll
0x00007ff9c3360000 - 0x00007ff9c3481000 	C:\WINDOWS\SYSTEM32\OPENGL32.dll
0x00007ff9d2820000 - 0x00007ff9d282a000 	C:\WINDOWS\SYSTEM32\VERSION.dll
0x00007ff9ce610000 - 0x00007ff9ce63c000 	C:\WINDOWS\SYSTEM32\GLU32.dll
0x00007ff9c2e80000 - 0x00007ff9c2f74000 	C:\WINDOWS\SYSTEM32\DDRAW.dll
0x00007ff9d09a0000 - 0x00007ff9d09a9000 	C:\WINDOWS\SYSTEM32\DCIMAN32.dll
0x0000000015f90000 - 0x0000000015ff4000 	C:\Users\Owner\AppData\Local\Temp\libgdxOwner\1284024257\OpenAL64.dll
0x00007ff9d3680000 - 0x00007ff9d368a000 	C:\WINDOWS\SYSTEM32\kernel.appcore.dll
0x00007ff9d46f0000 - 0x00007ff9d46fa000 	C:\WINDOWS\SYSTEM32\CRYPTBASE.dll
0x00007ff9d4690000 - 0x00007ff9d46ee000 	C:\WINDOWS\SYSTEM32\bcryptPrimitives.dll
0x00007ff9d0a10000 - 0x00007ff9d0aa8000 	C:\Program Files\Common Files\microsoft shared\ink\tiptsf.dll
0x00007ff9d6c10000 - 0x00007ff9d6cb4000 	C:\WINDOWS\SYSTEM32\clbcatq.dll
0x00007ff9c4710000 - 0x00007ff9c4797000 	C:\WINDOWS\SYSTEM32\dsound.dll
0x00007ff9d3de0000 - 0x00007ff9d3e25000 	C:\WINDOWS\SYSTEM32\POWRPROF.dll
0x00007ff9d1f20000 - 0x00007ff9d1f81000 	C:\WINDOWS\System32\MMDevApi.dll
0x00007ff9cc070000 - 0x00007ff9cc0e6000 	C:\WINDOWS\SYSTEM32\AUDIOSES.DLL
0x00007ff9be570000 - 0x00007ff9be6f8000 	C:\WINDOWS\SYSTEM32\dbghelp.dll

VM Arguments:
jvm_args: -agentlib:jdwp=transport=dt_socket,suspend=y,address=localhost:53767 -Dfile.encoding=Cp1252 
java_command: com.aguggenberger.spacebound.Main
Launcher Type: SUN_STANDARD

Environment Variables:
JAVA_HOME=C:\Program Files\Java\jdk1.7.0_25
CLASSPATH=.;C:\Program Files (x86)\QuickTime\QTSystem\QTJava.zip
PATH=C:\Program Files (x86)\NVIDIA Corporation\PhysX\Common;C:\WINDOWS\system32;C:\WINDOWS;C:\WINDOWS\System32\Wbem;C:\WINDOWS\System32\WindowsPowerShell\v1.0\;C:\Program Files (x86)\QuickTime\QTSystem\;C:\Program Files (x86)\GtkSharp\2.12\bin;C:\Program Files\Calibre2\;C:\Program Files\TortoiseSVN\bin;C:\Program Files\TortoiseGit\bin;.;;.;;.;
USERNAME=Owner
OS=Windows_NT
PROCESSOR_IDENTIFIER=Intel64 Family 6 Model 58 Stepping 9, GenuineIntel



---------------  S Y S T E M  ---------------

OS: Windows 8 , 64 bit Build 9200 

CPU:total 8 (4 cores per cpu, 2 threads per core) family 6 model 58 stepping 9, cmov, cx8, fxsr, mmx, sse, sse2, sse3, ssse3, sse4.1, sse4.2, popcnt, avx, ht, tsc, tscinvbit, tscinv

Memory: 4k page, physical 16660124k(11964004k free), swap 33437340k(27435168k free)

vm_info: Java HotSpot(TM) 64-Bit Server VM (23.25-b01) for windows-amd64 JRE (1.7.0_25-b17), built on Jun 21 2013 12:58:32 by "java_re" with unknown MS VC++:1600

time: Sun Mar 09 22:35:17 2014
elapsed time: 0 seconds

